This is pdfTeX, Version 3.141592653-2.6-1.40.26 (TeX Live 2024) (preloaded format=latex 2024.4.16)  2 JUL 2025 11:07
entering extended mode
 restricted \write18 enabled.
 %&-line parsing enabled.
**Intro.tex
(./Intro.tex
LaTeX2e <2023-11-01> patch level 1
L3 programming layer <2024-03-14>
! Undefined control sequence.
l.1 \section
            {Introduction}
? X
 
Here is how much of TeX's memory you used:
 14 strings out of 474105
 336 string characters out of 5747528
 1925493 words of memory out of 5000000
 22486 multiletter control sequences out of 15000+600000
 558069 words of font info for 36 fonts, out of 8000000 for 9000
 1141 hyphenation exceptions out of 8191
 12i,0n,13p,63b,8s stack positions out of 10000i,1000n,20000p,200000b,200000s
No pages of output.
